Added Component: Designator=R8(RC0603N_YAG)
Add component (AddParameter): Name = "Mfr_Name"; Value = "Yageo"; VariantName = "[No Variations]"
Add component (AddParameter): Name = "RefDes"; Value = ""; VariantName = "[No Variations]"
Add component (AddParameter): Name = "Type"; Value = ""; VariantName = "[No Variations]"
Added Component: Designator=R9(RC0603N_YAG)
Add component (AddParameter): Name = "Mfr_Name"; Value = "Yageo"; VariantName = "[No Variations]"
Add component (AddParameter): Name = "RefDes"; Value = ""; VariantName = "[No Variations]"
Add component (AddParameter): Name = "Type"; Value = ""; VariantName = "[No Variations]"
Added Component: Designator=R12(RC0603N_YAG)
Add component (AddParameter): Name = "Mfr_Name"; Value = "Yageo"; VariantName = "[No Variations]"
Add component (AddParameter): Name = "RefDes"; Value = ""; VariantName = "[No Variations]"
Add component (AddParameter): Name = "Type"; Value = ""; VariantName = "[No Variations]"
Added Pin To Net: NetName=NetP6_1 Pin=R8-1
Added Pin To Net: NetName=NetC1_2 Pin=R8-2
Added Pin To Net: NetName=LO_F1_90 Pin=R9-1
Added Pin To Net: NetName=NetR9_2 Pin=R9-2
Added Pin To Net: NetName=LO_F1_0 Pin=R12-1
Added Pin To Net: NetName=NetR12_2 Pin=R12-2
Added Member To Class: ClassName=U_Quadrature Mixers Member=Component R8 RC0603FR-0725R5L
Added Member To Class: ClassName=U_Quadrature Mixers Member=Component R9 RC0603FR-0725R5L
Added Member To Class: ClassName=U_Quadrature Mixers Member=Component R12 RC0603FR-0725R5L
