Change Component Designator: Old Designator=C1_2 New Designator=C?
Change Component Designator: Old Designator=C1_4 New Designator=C?
Change Component Designator: Old Designator=C2_2 New Designator=C?
Change Component Designator: Old Designator=C2_4 New Designator=C?
Change Component Designator: Old Designator=C3_2 New Designator=C?
Change Component Designator: Old Designator=C3_4 New Designator=C?
Change Component Designator: Old Designator=C4_4 New Designator=C?
Change Component Designator: Old Designator=D1_1 New Designator=D?
Change Component Designator: Old Designator=D2_1 New Designator=D?
Change Component Designator: Old Designator=I1_3 New Designator=I?
Change Component Designator: Old Designator=L1_2 New Designator=L?
Change Component Designator: Old Designator=L2_2 New Designator=L?
Change Component Designator: Old Designator=L3_2 New Designator=L?
Change Component Designator: Old Designator=LO_SIG New Designator=LO_SIG?
Change Component Designator: Old Designator=Q1_3 New Designator=Q?
Change Component Designator: Old Designator=Q2_3 New Designator=Q?
Change Component Designator: Old Designator=Q3_3 New Designator=Q?
Change Component Designator: Old Designator=Q4_3 New Designator=Q?
Change Component Designator: Old Designator=Q5_3 New Designator=Q?
Change Component Designator: Old Designator=Q6_3 New Designator=Q?
Change Component Designator: Old Designator=R1_1 New Designator=R?
Change Component Designator: Old Designator=R1_2 New Designator=R?
Change Component Designator: Old Designator=R1_3 New Designator=R?
Change Component Designator: Old Designator=R1_4 New Designator=R?
Change Component Designator: Old Designator=R2_2 New Designator=R?
Change Component Designator: Old Designator=R2_3 New Designator=R?
Change Component Designator: Old Designator=R2_4 New Designator=R?
Change Component Designator: Old Designator=R3_4 New Designator=R?
Change Component Designator: Old Designator=R4_4 New Designator=R?
Change Component Designator: Old Designator=R5_4 New Designator=R?
Change Component Designator: Old Designator=R6_4 New Designator=R?
Change Component Designator: Old Designator=R7_4 New Designator=R?
Change Component Designator: Old Designator=RF_SIG_1 New Designator=RF_SIG_?
Change Component Designator: Old Designator=RF_SIG_2 New Designator=RF_SIG_?
Change Component Designator: Old Designator=RF_SIG_3 New Designator=RF_SIG_?
Change Component Designator: Old Designator=RF_SIG_4 New Designator=RF_SIG_?
Change Component Designator: Old Designator=U2 New Designator=U?
Change Component Designator: Old Designator=V1_3 New Designator=V?
Change Component Designator: Old Designator=V1_4 New Designator=V?
Change Component Designator: Old Designator=V2_4 New Designator=V?
Change Component Designator: Old Designator=V3_4 New Designator=V?
