Add Component: Footprint Not Found RADIAL-0.1
Add Component: Footprint Not Found RADIAL-0.1
Add Component: Footprint Not Found RADIAL-0.1
Add Component: Footprint Not Found RADIAL-0.1
Add Component: Footprint Not Found RADIAL-0.1
Add Component: Footprint Not Found RADIAL-0.1
Add Component: Footprint Not Found RADIAL-0.1
Add Component: Footprint Not Found RADIAL-0.1
Add Component: Footprint Not Found RADIAL-0.1
Add Component: Footprint Not Found RADIAL-0.1
Add Component: Footprint Not Found AXIAL-0.1-RES
Add Component: Footprint Not Found AXIAL-0.1-RES
Add Component: Footprint Not Found AXIAL-0.1-RES
Add Component: Footprint Not Found AXIAL-0.1-RES
Add Component: Footprint Not Found AXIAL-0.1-RES
Add Component: Footprint Not Found AXIAL-0.1-RES
Add Component: Footprint Not Found AXIAL-0.1-RES
Add Component: Footprint Not Found AXIAL-0.1-RES
Add Component: Footprint Not Found AXIAL-0.1-RES
Add Component: Footprint Not Found AXIAL-0.1-RES
Add Component: Footprint Not Found AXIAL-0.1-RES
Add Component: Footprint Not Found AXIAL-0.1-RES
Add Component: Footprint Not Found AXIAL-0.1-RES
Add Component: Footprint Not Found AXIAL-0.1-RES
Add Pin To Net: Unknown Pin: Pin C1-1
Add Pin To Net: Unknown Pin: Pin C1-2
Add Pin To Net: Unknown Pin: Pin C2-1
Add Pin To Net: Unknown Pin: Pin C2-2
Add Pin To Net: Unknown Pin: Pin C3-1
Add Pin To Net: Unknown Pin: Pin C3-2
Add Pin To Net: Unknown Pin: Pin C4-1
Add Pin To Net: Unknown Pin: Pin C4-2
Add Pin To Net: Unknown Pin: Pin C5-1
Add Pin To Net: Unknown Pin: Pin C5-2
Add Pin To Net: Unknown Pin: Pin C6-1
Add Pin To Net: Unknown Pin: Pin C6-2
Add Pin To Net: Unknown Pin: Pin C7-1
Add Pin To Net: Unknown Pin: Pin C7-2
Add Pin To Net: Unknown Pin: Pin C8-1
Add Pin To Net: Unknown Pin: Pin C8-2
Add Pin To Net: Unknown Pin: Pin C9-1
Add Pin To Net: Unknown Pin: Pin C9-2
Add Pin To Net: Unknown Pin: Pin C10-1
Add Pin To Net: Unknown Pin: Pin C10-2
Add Pin To Net: Unknown Pin: Pin I1-1
Add Pin To Net: Unknown Pin: Pin I1-2
Add Pin To Net: Unknown Pin: Pin LO_signal1-1
Add Pin To Net: Unknown Pin: Pin LO_signal1-2
Add Pin To Net: Unknown Pin: Pin R1-1
Add Pin To Net: Unknown Pin: Pin R1-2
Add Pin To Net: Unknown Pin: Pin R2-1
Add Pin To Net: Unknown Pin: Pin R2-2
Add Pin To Net: Unknown Pin: Pin R22-1
Add Pin To Net: Unknown Pin: Pin R22-2
Add Pin To Net: Unknown Pin: Pin R23-1
Add Pin To Net: Unknown Pin: Pin R23-2
Add Pin To Net: Unknown Pin: Pin R24-1
Add Pin To Net: Unknown Pin: Pin R24-2
Add Pin To Net: Unknown Pin: Pin R25-1
Add Pin To Net: Unknown Pin: Pin R25-2
Add Pin To Net: Unknown Pin: Pin R26-1
Add Pin To Net: Unknown Pin: Pin R26-2
Add Pin To Net: Unknown Pin: Pin R27-1
Add Pin To Net: Unknown Pin: Pin R27-2
Add Pin To Net: Unknown Pin: Pin R28-1
Add Pin To Net: Unknown Pin: Pin R28-2
Add Pin To Net: Unknown Pin: Pin R29-1
Add Pin To Net: Unknown Pin: Pin R29-2
Add Pin To Net: Unknown Pin: Pin RF_Signal1-1
Add Pin To Net: Unknown Pin: Pin RF_Signal1-2
Add Pin To Net: Unknown Pin: Pin Rg1-1
Add Pin To Net: Unknown Pin: Pin Rg1-2
Add Pin To Net: Unknown Pin: Pin Rg2-1
Add Pin To Net: Unknown Pin: Pin Rg2-2
Add Pin To Net: Unknown Pin: Pin Rg3-1
Add Pin To Net: Unknown Pin: Pin Rg3-2
Add Pin To Net: Unknown Pin: Pin Rg4-1
Add Pin To Net: Unknown Pin: Pin Rg4-2
Add Pin To Net: Unknown Pin: Pin V1-1
Add Pin To Net: Unknown Pin: Pin V1-2
Add Class Member: Failed to add class member : Component C1 Filter Cap
Add Class Member: Failed to add class member : Component C2 Filter Cap
Add Class Member: Failed to add class member : Component C3 DC Cap
Add Class Member: Failed to add class member : Component C4 DC Cap
Add Class Member: Failed to add class member : Component C5 AC Cap
Add Class Member: Failed to add class member : Component C6 DC Cap
Add Class Member: Failed to add class member : Component C7 AC Cap
Add Class Member: Failed to add class member : Component C8 DC Cap
Add Class Member: Failed to add class member : Component C9 Filter Cap
Add Class Member: Failed to add class member : Component C10 Filter Cap
Add Class Member: Failed to add class member : Component R22 DC Bias Res
Add Class Member: Failed to add class member : Component R23 DC Bias Res
Add Class Member: Failed to add class member : Component R24 DC Bias Res
Add Class Member: Failed to add class member : Component R25 DC Bias Res
Add Class Member: Failed to add class member : Component R26 DC Bias Res
Add Class Member: Failed to add class member : Component R27 DC Bias Res
Add Class Member: Failed to add class member : Component R28 DC Bias Res
Add Class Member: Failed to add class member : Component R29 DC Bias Res
Add Class Member: Failed to add class member : Component Rg1 Res1
Add Class Member: Failed to add class member : Component Rg2 Res1
Add Class Member: Failed to add class member : Component Rg3 Res1
Add Class Member: Failed to add class member : Component Rg4 Res1
Added Member To Class: ClassName=mahirAMPLIFER Member=Component U3 LT1638CN8#PBF
